[03:26:57] [ServerMain/INFO]: Environment: authHost='https://authserver.mojang.com', accountsHost='https://api.mojang.com', sessionHost='https://sessionserver.mojang.com', servicesHost='https://api.minecraftservices.com', name='PROD'
[03:26:58] [ServerMain/INFO]: Loaded 7 recipes
[03:26:59] [Server thread/INFO]: Starting minecraft server version 1.19.4
[03:26:59] [Server thread/WARN]: ****************************
[03:26:59] [Server thread/WARN]: YOU ARE RUNNING THIS SERVER AS AN ADMINISTRATIVE OR ROOT USER. THIS IS NOT ADVISED.
[03:26:59] [Server thread/WARN]: YOU ARE OPENING YOURSELF UP TO POTENTIAL RISKS WHEN DOING THIS.
[03:26:59] [Server thread/WARN]: FOR MORE INFORMATION, SEE https://madelinemiller.dev/blog/root-minecraft-server/
[03:26:59] [Server thread/WARN]: ****************************
[03:26:59] [Server thread/INFO]: Loading properties
[03:26:59] [Server thread/INFO]: This server is running Paper version git-Paper-508 (MC: 1.19.4) (Implementing API version 1.19.4-R0.1-SNAPSHOT) (Git: 5ffdff8)
[03:26:59] [Server thread/INFO]: Server Ping Player Sample Count: 12
[03:26:59] [Server thread/INFO]: Using 4 threads for Netty based IO
[03:26:59] [Server thread/WARN]: [!] The timings profiler has been enabled but has been scheduled for removal from Paper in the future.
    We recommend installing the spark profiler as a replacement: https://spark.lucko.me/
    For more information please visit: https://github.com/PaperMC/Paper/issues/8948
[03:26:59] [Server thread/INFO]: [ChunkTaskScheduler] Chunk system is using 1 I/O threads, 1 worker threads, and gen parallelism of 1 threads
[03:26:59] [Server thread/INFO]: Default game type: SURVIVAL
[03:26:59] [Server thread/INFO]: Generating keypair
[03:26:59] [Server thread/INFO]: Starting Minecraft server on *:25565
[03:26:59] [Server thread/INFO]: Using epoll channel type
[03:26:59] [Server thread/INFO]: Paper: Using libdeflate (Linux x86_64) compression from Velocity.
[03:26:59] [Server thread/INFO]: Paper: Using OpenSSL 1.1.x (Linux x86_64) cipher from Velocity.
[03:27:00] [Server thread/INFO]: [Armored] Loading server plugin Armored v1.0-SNAPSHOT
[03:27:00] [Server thread/INFO]: Server permissions file permissions.yml is empty, ignoring it
[03:27:00] [Server thread/INFO]: Preparing level "world"
[03:27:00] [Server thread/INFO]: Preparing start region for dimension minecraft:overworld
[03:27:00] [Server thread/INFO]: Time elapsed: 220 ms
[03:27:00] [Server thread/INFO]: Preparing start region for dimension minecraft:the_nether
[03:27:01] [Server thread/INFO]: Time elapsed: 190 ms
[03:27:01] [Server thread/INFO]: Preparing start region for dimension minecraft:the_end
[03:27:01] [Server thread/INFO]: Time elapsed: 73 ms
[03:27:01] [Server thread/INFO]: [Armored] Enabling Armored v1.0-SNAPSHOT
[03:27:01] [Server thread/INFO]: Armored plugin is starting
[03:27:01] [Server thread/INFO]: Armored connecting to database..
[03:29:11] [Server thread/WARN]: com.mysql.cj.jdbc.exceptions.CommunicationsException: Communications link failure
[03:29:11] [Server thread/WARN]: 
[03:29:11] [Server thread/WARN]: The last packet sent successfully to the server was 0 milliseconds ago. The driver has not received any packets from the server.
[03:29:11] [Server thread/WARN]: 	at com.mysql.cj.jdbc.exceptions.SQLError.createCommunicationsException(SQLError.java:174)
[03:29:11] [Server thread/WARN]: 	at com.mysql.cj.jdbc.exceptions.SQLExceptionsMapping.translateException(SQLExceptionsMapping.java:64)
[03:29:11] [Server thread/WARN]: 	at com.mysql.cj.jdbc.ConnectionImpl.createNewIO(ConnectionImpl.java:824)
[03:29:11] [Server thread/WARN]: 	at com.mysql.cj.jdbc.ConnectionImpl.<init>(ConnectionImpl.java:444)
[03:29:11] [Server thread/WARN]: 	at com.mysql.cj.jdbc.ConnectionImpl.getInstance(ConnectionImpl.java:237)
[03:29:11] [Server thread/WARN]: 	at com.mysql.cj.jdbc.NonRegisteringDriver.connect(NonRegisteringDriver.java:198)
[03:29:11] [Server thread/WARN]: 	at java.sql/java.sql.DriverManager.getConnection(DriverManager.java:681)
[03:29:11] [Server thread/WARN]: 	at java.sql/java.sql.DriverManager.getConnection(DriverManager.java:229)
[03:29:11] [Server thread/WARN]: 	at core-1.0-SNAPSHOT.jar//me.armored.core.utils.Database.getConnection(Database.java:14)
[03:29:11] [Server thread/WARN]: 	at core-1.0-SNAPSHOT.jar//me.armored.core.utils.Database.initializeDatabase(Database.java:20)
[03:29:11] [Server thread/WARN]: 	at core-1.0-SNAPSHOT.jar//me.armored.core.Armored.loadDatabase(Armored.java:34)
[03:29:11] [Server thread/WARN]: 	at core-1.0-SNAPSHOT.jar//me.armored.core.Armored.onEnable(Armored.java:20)
[03:29:11] [Server thread/WARN]: 	at org.bukkit.plugin.java.JavaPlugin.setEnabled(JavaPlugin.java:279)
[03:29:11] [Server thread/WARN]: 	at io.papermc.paper.plugin.manager.PaperPluginInstanceManager.enablePlugin(PaperPluginInstanceManager.java:192)
[03:29:11] [Server thread/WARN]: 	at io.papermc.paper.plugin.manager.PaperPluginManagerImpl.enablePlugin(PaperPluginManagerImpl.java:104)
[03:29:11] [Server thread/WARN]: 	at org.bukkit.plugin.SimplePluginManager.enablePlugin(SimplePluginManager.java:507)
[03:29:11] [Server thread/WARN]: 	at org.bukkit.craftbukkit.v1_19_R3.CraftServer.enablePlugin(CraftServer.java:555)
[03:29:11] [Server thread/WARN]: 	at org.bukkit.craftbukkit.v1_19_R3.CraftServer.enablePlugins(CraftServer.java:466)
[03:29:11] [Server thread/WARN]: 	at net.minecraft.server.MinecraftServer.loadWorld0(MinecraftServer.java:638)
[03:29:11] [Server thread/WARN]: 	at net.minecraft.server.MinecraftServer.loadLevel(MinecraftServer.java:437)
[03:29:11] [Server thread/WARN]: 	at net.minecraft.server.dedicated.DedicatedServer.e(DedicatedServer.java:308)
[03:29:11] [Server thread/WARN]: 	at net.minecraft.server.MinecraftServer.w(MinecraftServer.java:1104)
[03:29:11] [Server thread/WARN]: 	at net.minecraft.server.MinecraftServer.lambda$spin$0(MinecraftServer.java:320)
[03:29:11] [Server thread/WARN]: 	at java.base/java.lang.Thread.run(Thread.java:833)
[03:29:11] [Server thread/WARN]: Caused by: com.mysql.cj.exceptions.CJCommunicationsException: Communications link failure
[03:29:11] [Server thread/WARN]: 
[03:29:11] [Server thread/WARN]: The last packet sent successfully to the server was 0 milliseconds ago. The driver has not received any packets from the server.
[03:29:11] [Server thread/WARN]: 	at java.base/jdk.internal.reflect.NativeConstructorAccessorImpl.newInstance0(Native Method)
[03:29:11] [Server thread/WARN]: 	at java.base/jdk.internal.reflect.NativeConstructorAccessorImpl.newInstance(NativeConstructorAccessorImpl.java:77)
[03:29:11] [Server thread/WARN]: 	at java.base/jdk.internal.reflect.DelegatingConstructorAccessorImpl.newInstance(DelegatingConstructorAccessorImpl.java:45)
[03:29:11] [Server thread/WARN]: 	at java.base/java.lang.reflect.Constructor.newInstanceWithCaller(Constructor.java:499)
[03:29:11] [Server thread/WARN]: 	at java.base/java.lang.reflect.Constructor.newInstance(Constructor.java:480)
[03:29:11] [Server thread/WARN]: 	at com.mysql.cj.exceptions.ExceptionFactory.createException(ExceptionFactory.java:61)
[03:29:11] [Server thread/WARN]: 	at com.mysql.cj.exceptions.ExceptionFactory.createException(ExceptionFactory.java:105)
[03:29:11] [Server thread/WARN]: 	at com.mysql.cj.exceptions.ExceptionFactory.createException(ExceptionFactory.java:151)
[03:29:11] [Server thread/WARN]: 	at com.mysql.cj.exceptions.ExceptionFactory.createCommunicationsException(ExceptionFactory.java:167)
[03:29:11] [Server thread/WARN]: 	at com.mysql.cj.protocol.a.NativeSocketConnection.connect(NativeSocketConnection.java:89)
[03:29:11] [Server thread/WARN]: 	at com.mysql.cj.NativeSession.connect(NativeSession.java:120)
[03:29:11] [Server thread/WARN]: 	at com.mysql.cj.jdbc.ConnectionImpl.connectOneTryOnly(ConnectionImpl.java:944)
[03:29:11] [Server thread/WARN]: 	at com.mysql.cj.jdbc.ConnectionImpl.createNewIO(ConnectionImpl.java:814)
[03:29:11] [Server thread/WARN]: 	... 21 more
[03:29:11] [Server thread/WARN]: Caused by: java.net.ConnectException: Connection timed out
[03:29:11] [Server thread/WARN]: 	at java.base/sun.nio.ch.Net.connect0(Native Method)
[03:29:11] [Server thread/WARN]: 	at java.base/sun.nio.ch.Net.connect(Net.java:579)
[03:29:11] [Server thread/WARN]: 	at java.base/sun.nio.ch.Net.connect(Net.java:568)
[03:29:11] [Server thread/WARN]: 	at java.base/sun.nio.ch.NioSocketImpl.connect(NioSocketImpl.java:588)
[03:29:11] [Server thread/WARN]: 	at java.base/java.net.SocksSocketImpl.connect(SocksSocketImpl.java:327)
[03:29:11] [Server thread/WARN]: 	at java.base/java.net.Socket.connect(Socket.java:633)
[03:29:11] [Server thread/WARN]: 	at com.mysql.cj.protocol.StandardSocketFactory.connect(StandardSocketFactory.java:153)
[03:29:11] [Server thread/WARN]: 	at com.mysql.cj.protocol.a.NativeSocketConnection.connect(NativeSocketConnection.java:63)
[03:29:11] [Server thread/WARN]: 	... 24 more
[03:29:11] [Server thread/INFO]: Armored could not initialize database.
[03:29:11] [Server thread/INFO]: Armored connected to database!
[03:29:11] [Server thread/INFO]: Armored plugin has been started
[03:29:11] [Server thread/INFO]: Starting remote control listener
[03:29:11] [Server thread/INFO]: Thread RCON Listener started
[03:29:11] [Server thread/INFO]: RCON running on 0.0.0.0:25575
[03:29:11] [Server thread/INFO]: Running delayed init tasks
[03:29:11] [Server thread/INFO]: Done (132.463s)! For help, type "help"
[03:29:11] [Server thread/INFO]: Timings Reset
[03:29:30] [User Authenticator #0/INFO]: UUID of player Noklezaza is 40474bb8-c283-4ac7-ab2c-eaee5abe2562
[03:29:30] [Server thread/ERROR]: Could not pass event PlayerJoinEvent to Armored v1.0-SNAPSHOT
java.lang.NullPointerException: Cannot invoke "java.sql.Connection.prepareStatement(String)" because "me.armored.core.utils.Database.connection" is null
	at me.armored.core.event.JoinEvent.onPlayerJoin(JoinEvent.java:23) ~[core-1.0-SNAPSHOT.jar:?]
	at com.destroystokyo.paper.event.executor.asm.generated.GeneratedEventExecutor1.execute(Unknown Source) ~[?:?]
	at org.bukkit.plugin.EventExecutor$2.execute(EventExecutor.java:77) ~[paper-api-1.19.4-R0.1-SNAPSHOT.jar:?]
	at co.aikar.timings.TimedEventExecutor.execute(TimedEventExecutor.java:81) ~[paper-api-1.19.4-R0.1-SNAPSHOT.jar:git-Paper-508]
	at org.bukkit.plugin.RegisteredListener.callEvent(RegisteredListener.java:70) ~[paper-api-1.19.4-R0.1-SNAPSHOT.jar:?]
	at io.papermc.paper.plugin.manager.PaperEventManager.callEvent(PaperEventManager.java:54) ~[paper-1.19.4.jar:git-Paper-508]
	at io.papermc.paper.plugin.manager.PaperPluginManagerImpl.callEvent(PaperPluginManagerImpl.java:126) ~[paper-1.19.4.jar:git-Paper-508]
	at org.bukkit.plugin.SimplePluginManager.callEvent(SimplePluginManager.java:615) ~[paper-api-1.19.4-R0.1-SNAPSHOT.jar:?]
	at net.minecraft.server.players.PlayerList.placeNewPlayer(PlayerList.java:330) ~[paper-1.19.4.jar:git-Paper-508]
	at net.minecraft.server.network.ServerLoginPacketListenerImpl.placeNewPlayer(ServerLoginPacketListenerImpl.java:202) ~[?:?]
	at net.minecraft.server.network.ServerLoginPacketListenerImpl.handleAcceptedLogin(ServerLoginPacketListenerImpl.java:183) ~[?:?]
	at net.minecraft.server.network.ServerLoginPacketListenerImpl.tick(ServerLoginPacketListenerImpl.java:85) ~[?:?]
	at net.minecraft.network.Connection.tick(Connection.java:592) ~[?:?]
	at net.minecraft.server.network.ServerConnectionListener.tick(ServerConnectionListener.java:234) ~[?:?]
	at net.minecraft.server.MinecraftServer.tickChildren(MinecraftServer.java:1576) ~[paper-1.19.4.jar:git-Paper-508]
	at net.minecraft.server.dedicated.DedicatedServer.tickChildren(DedicatedServer.java:447) ~[paper-1.19.4.jar:git-Paper-508]
	at net.minecraft.server.MinecraftServer.tickServer(MinecraftServer.java:1397) ~[paper-1.19.4.jar:git-Paper-508]
	at net.minecraft.server.MinecraftServer.runServer(MinecraftServer.java:1174) ~[paper-1.19.4.jar:git-Paper-508]
	at net.minecraft.server.MinecraftServer.lambda$spin$0(MinecraftServer.java:320) ~[paper-1.19.4.jar:git-Paper-508]
	at java.lang.Thread.run(Thread.java:833) ~[?:?]
[03:29:30] [Server thread/INFO]: Noklezaza joined the game
[03:29:30] [Server thread/INFO]: Noklezaza[/127.0.0.1:47494] logged in with entity id 202 at ([world]-517.9487400930516, 110.389058250159, 509.10875506758816)
[03:29:48] [Server thread/INFO]: Noklezaza issued server command: /stop
[03:29:48] [Server thread/INFO]: [Noklezaza: Stopping the server]
[03:29:48] [Server thread/INFO]: Stopping server
[03:29:48] [Server thread/INFO]: [Armored] Disabling Armored v1.0-SNAPSHOT
[03:29:48] [Server thread/INFO]: Armored plugin is disabled
[03:29:48] [Server thread/INFO]: Saving players
[03:29:48] [Server thread/INFO]: Noklezaza lost connection: Server closed
[03:29:48] [Server thread/INFO]: Noklezaza left the game
[03:29:49] [Server thread/INFO]: Saving worlds
[03:29:49] [Server thread/INFO]: Saving chunks for level 'ServerLevel[world]'/minecraft:overworld
[03:29:49] [Server thread/INFO]: [ChunkHolderManager] Waiting 60s for chunk system to halt for world 'world'
[03:29:49] [Server thread/INFO]: [ChunkHolderManager] Halted chunk system for world 'world'
[03:29:49] [Server thread/INFO]: [ChunkHolderManager] Saving all chunkholders for world 'world'
[03:29:51] [Server thread/INFO]: [ChunkHolderManager] Saved 2119 block chunks, 1179 entity chunks, 12 poi chunks in world 'world' in 2.68s
[03:29:51] [Server thread/INFO]: ThreadedAnvilChunkStorage (world): All chunks are saved
[03:29:51] [Server thread/INFO]: Saving chunks for level 'ServerLevel[world_nether]'/minecraft:the_nether
[03:29:51] [Server thread/INFO]: [ChunkHolderManager] Waiting 60s for chunk system to halt for world 'world_nether'
[03:29:51] [Server thread/INFO]: [ChunkHolderManager] Halted chunk system for world 'world_nether'
[03:29:51] [Server thread/INFO]: [ChunkHolderManager] Saving all chunkholders for world 'world_nether'
[03:29:52] [Server thread/INFO]: [ChunkHolderManager] Saved 529 block chunks, 529 entity chunks, 0 poi chunks in world 'world_nether' in 0.45s
[03:29:52] [Server thread/INFO]: ThreadedAnvilChunkStorage (DIM-1): All chunks are saved
[03:29:52] [Server thread/INFO]: Saving chunks for level 'ServerLevel[world_the_end]'/minecraft:the_end
[03:29:52] [Server thread/INFO]: [ChunkHolderManager] Waiting 60s for chunk system to halt for world 'world_the_end'
[03:29:52] [Server thread/INFO]: [ChunkHolderManager] Halted chunk system for world 'world_the_end'
[03:29:52] [Server thread/INFO]: [ChunkHolderManager] Saving all chunkholders for world 'world_the_end'
[03:29:52] [Server thread/INFO]: [ChunkHolderManager] Saved 529 block chunks, 529 entity chunks, 0 poi chunks in world 'world_the_end' in 0.11s
[03:29:52] [Server thread/INFO]: ThreadedAnvilChunkStorage (DIM1): All chunks are saved
[03:29:52] [Server thread/INFO]: ThreadedAnvilChunkStorage: All dimensions are saved
[03:29:52] [Server thread/INFO]: Flushing Chunk IO
[03:29:52] [Server thread/INFO]: Closing Thread Pool
[03:29:52] [Server thread/INFO]: Closing Server
